2026-02-11 19:14:31.486 +03:00 [INF] Executed DbCommand (7ms) [Parameters=[], CommandType='"Text"', CommandTimeout='30']
PRAGMA journal_mode = 'wal';
2026-02-11 19:14:31.571 +03:00 [INF] Executed DbCommand (0ms) [Parameters=[], CommandType='"Text"', CommandTimeout='30']
CREATE TABLE "Products" (
    "Id" TEXT NOT NULL CONSTRAINT "PK_Products" PRIMARY KEY,
    "Name" TEXT NOT NULL,
    "Description" TEXT NULL,
    "Price" decimal(10,2) NOT NULL,
    "Category" TEXT NOT NULL,
    "CreatedAt" TEXT NOT NULL,
    "UpdatedAt" TEXT NOT NULL
);
2026-02-11 19:14:31.682 +03:00 [INF] Executed DbCommand (0ms) [Parameters=[], CommandType='"Text"', CommandTimeout='30']
SELECT EXISTS (
    SELECT 1
    FROM "Products" AS "p")
2026-02-11 19:14:31.760 +03:00 [INF] Executed DbCommand (2ms) [Parameters=[@p0='?' (DbType = Guid), @p1='?' (Size = 5), @p2='?' (DbType = DateTime), @p3='?' (Size = 20), @p4='?' (Size = 9), @p5='?' (DbType = Decimal), @p6='?' (DbType = DateTime)], CommandType='"Text"', CommandTimeout='30']
INSERT INTO "Products" ("Id", "Category", "CreatedAt", "Description", "Name", "Price", "UpdatedAt")
VALUES (@p0, @p1, @p2, @p3, @p4, @p5, @p6);
2026-02-11 19:14:31.761 +03:00 [INF] Executed DbCommand (0ms) [Parameters=[@p0='?' (DbType = Guid), @p1='?' (Size = 10), @p2='?' (DbType = DateTime), @p3='?' (Size = 20), @p4='?' (Size = 6), @p5='?' (DbType = Decimal), @p6='?' (DbType = DateTime)], CommandType='"Text"', CommandTimeout='30']
INSERT INTO "Products" ("Id", "Category", "CreatedAt", "Description", "Name", "Price", "UpdatedAt")
VALUES (@p0, @p1, @p2, @p3, @p4, @p5, @p6);
2026-02-11 19:14:31.761 +03:00 [INF] Executed DbCommand (0ms) [Parameters=[@p0='?' (DbType = Guid), @p1='?' (Size = 11), @p2='?' (DbType = DateTime), @p3='?' (Size = 39), @p4='?' (Size = 8), @p5='?' (DbType = Decimal), @p6='?' (DbType = DateTime)], CommandType='"Text"', CommandTimeout='30']
INSERT INTO "Products" ("Id", "Category", "CreatedAt", "Description", "Name", "Price", "UpdatedAt")
VALUES (@p0, @p1, @p2, @p3, @p4, @p5, @p6);
2026-02-11 19:14:31.761 +03:00 [INF] Executed DbCommand (0ms) [Parameters=[@p0='?' (DbType = Guid), @p1='?' (Size = 11), @p2='?' (DbType = DateTime), @p3='?' (Size = 21), @p4='?' (Size = 7), @p5='?' (DbType = Decimal), @p6='?' (DbType = DateTime)], CommandType='"Text"', CommandTimeout='30']
INSERT INTO "Products" ("Id", "Category", "CreatedAt", "Description", "Name", "Price", "UpdatedAt")
VALUES (@p0, @p1, @p2, @p3, @p4, @p5, @p6);
2026-02-11 19:14:31.761 +03:00 [INF] Executed DbCommand (0ms) [Parameters=[@p0='?' (DbType = Guid), @p1='?' (Size = 6), @p2='?' (DbType = DateTime), @p3='?' (Size = 18), @p4='?' (Size = 8), @p5='?' (DbType = Decimal), @p6='?' (DbType = DateTime)], CommandType='"Text"', CommandTimeout='30']
INSERT INTO "Products" ("Id", "Category", "CreatedAt", "Description", "Name", "Price", "UpdatedAt")
VALUES (@p0, @p1, @p2, @p3, @p4, @p5, @p6);
2026-02-11 19:14:31.817 +03:00 [INF] Application started
2026-02-11 19:14:31.823 +03:00 [INF] User profile is available. Using '/home/debian/.aspnet/DataProtection-Keys' as key repository; keys will not be encrypted at rest.
2026-02-11 19:14:31.831 +03:00 [INF] Creating key {a073b17f-6876-45ff-b2d7-039b983515b0} with creation date 2026-02-11 16:14:31Z, activation date 2026-02-11 16:14:31Z, and expiration date 2026-05-12 16:14:31Z.
2026-02-11 19:14:31.837 +03:00 [WRN] No XML encryptor configured. Key {a073b17f-6876-45ff-b2d7-039b983515b0} may be persisted to storage in unencrypted form.
2026-02-11 19:14:31.839 +03:00 [INF] Writing data to file '/home/debian/.aspnet/DataProtection-Keys/key-a073b17f-6876-45ff-b2d7-039b983515b0.xml'.
2026-02-11 19:14:31.865 +03:00 [INF] Now listening on: http://localhost:5014
2026-02-11 19:14:31.866 +03:00 [INF] Application started. Press Ctrl+C to shut down.
2026-02-11 19:14:31.866 +03:00 [INF] Hosting environment: Development
2026-02-11 19:14:31.866 +03:00 [INF] Content root path: /home/debian/Рабочий стол/pok/ProductCrud.Web
2026-02-11 19:16:45.615 +03:00 [INF] Request starting HTTP/1.1 GET http://localhost:5014/ - null null
2026-02-11 19:16:45.623 +03:00 [WRN] Failed to determine the https port for redirect.
2026-02-11 19:16:45.683 +03:00 [INF] Executing endpoint 'ProductCrud.Web.Controllers.ProductsController.Index (ProductCrud.Web)'
2026-02-11 19:16:45.701 +03:00 [INF] Route matched with {action = "Index", controller = "Products"}. Executing controller action with signature System.Threading.Tasks.Task`1[Microsoft.AspNetCore.Mvc.IActionResult] Index(System.String, System.String, System.String, Boolean, Int32) on controller ProductCrud.Web.Controllers.ProductsController (ProductCrud.Web).
2026-02-11 19:16:45.719 +03:00 [INF] Getting products: search=null, category=null, sort=Name, page=1
2026-02-11 19:16:45.765 +03:00 [INF] Executed DbCommand (1ms) [Parameters=[], CommandType='"Text"', CommandTimeout='30']
SELECT COUNT(*)
FROM "Products" AS "p"
2026-02-11 19:16:45.796 +03:00 [INF] Executed DbCommand (0ms) [Parameters=[@p1='?' (DbType = Int32), @p='?' (DbType = Int32)], CommandType='"Text"', CommandTimeout='30']
SELECT "p"."Id", "p"."Category", "p"."CreatedAt", "p"."Description", "p"."Name", "p"."Price", "p"."UpdatedAt"
FROM "Products" AS "p"
ORDER BY "p"."Name"
LIMIT @p1 OFFSET @p
2026-02-11 19:16:45.799 +03:00 [INF] Found 5 products (total: 5)
2026-02-11 19:16:45.809 +03:00 [INF] Executed DbCommand (0ms) [Parameters=[], CommandType='"Text"', CommandTimeout='30']
SELECT "p0"."Category"
FROM (
    SELECT DISTINCT "p"."Category"
    FROM "Products" AS "p"
) AS "p0"
ORDER BY "p0"."Category"
2026-02-11 19:16:45.815 +03:00 [INF] Executing ViewResult, running view Index.
2026-02-11 19:16:45.868 +03:00 [INF] Executed ViewResult - view Index executed in 53.4362ms.
2026-02-11 19:16:45.869 +03:00 [INF] Executed action ProductCrud.Web.Controllers.ProductsController.Index (ProductCrud.Web) in 167.2737ms
2026-02-11 19:16:45.869 +03:00 [INF] Executed endpoint 'ProductCrud.Web.Controllers.ProductsController.Index (ProductCrud.Web)'
2026-02-11 19:16:45.872 +03:00 [INF] Request finished HTTP/1.1 GET http://localhost:5014/ - 200 null text/html; charset=utf-8 260.6072ms
2026-02-11 19:17:20.227 +03:00 [INF] Request starting HTTP/1.1 GET http://localhost:5014/ - null null
2026-02-11 19:17:20.229 +03:00 [INF] Executing endpoint 'ProductCrud.Web.Controllers.ProductsController.Index (ProductCrud.Web)'
2026-02-11 19:17:20.230 +03:00 [INF] Route matched with {action = "Index", controller = "Products"}. Executing controller action with signature System.Threading.Tasks.Task`1[Microsoft.AspNetCore.Mvc.IActionResult] Index(System.String, System.String, System.String, Boolean, Int32) on controller ProductCrud.Web.Controllers.ProductsController (ProductCrud.Web).
2026-02-11 19:17:20.236 +03:00 [INF] Getting products: search=null, category=null, sort=Name, page=1
2026-02-11 19:17:20.314 +03:00 [INF] Executed DbCommand (0ms) [Parameters=[], CommandType='"Text"', CommandTimeout='30']
SELECT COUNT(*)
FROM "Products" AS "p"
2026-02-11 19:17:20.315 +03:00 [INF] Executed DbCommand (0ms) [Parameters=[@p1='?' (DbType = Int32), @p='?' (DbType = Int32)], CommandType='"Text"', CommandTimeout='30']
SELECT "p"."Id", "p"."Category", "p"."CreatedAt", "p"."Description", "p"."Name", "p"."Price", "p"."UpdatedAt"
FROM "Products" AS "p"
ORDER BY "p"."Name"
LIMIT @p1 OFFSET @p
2026-02-11 19:17:20.316 +03:00 [INF] Found 5 products (total: 5)
2026-02-11 19:17:20.316 +03:00 [INF] Executed DbCommand (0ms) [Parameters=[], CommandType='"Text"', CommandTimeout='30']
SELECT "p0"."Category"
FROM (
    SELECT DISTINCT "p"."Category"
    FROM "Products" AS "p"
) AS "p0"
ORDER BY "p0"."Category"
2026-02-11 19:17:20.316 +03:00 [INF] Executing ViewResult, running view Index.
2026-02-11 19:17:20.320 +03:00 [INF] Executed ViewResult - view Index executed in 3.9131ms.
2026-02-11 19:17:20.320 +03:00 [INF] Executed action ProductCrud.Web.Controllers.ProductsController.Index (ProductCrud.Web) in 90.5755ms
2026-02-11 19:17:20.320 +03:00 [INF] Executed endpoint 'ProductCrud.Web.Controllers.ProductsController.Index (ProductCrud.Web)'
2026-02-11 19:17:20.321 +03:00 [INF] Request finished HTTP/1.1 GET http://localhost:5014/ - 200 null text/html; charset=utf-8 93.4238ms
2026-02-11 19:17:30.638 +03:00 [INF] Request starting HTTP/1.1 GET http://localhost:5014/ - null null
2026-02-11 19:17:30.640 +03:00 [INF] Executing endpoint 'ProductCrud.Web.Controllers.ProductsController.Index (ProductCrud.Web)'
2026-02-11 19:17:30.640 +03:00 [INF] Route matched with {action = "Index", controller = "Products"}. Executing controller action with signature System.Threading.Tasks.Task`1[Microsoft.AspNetCore.Mvc.IActionResult] Index(System.String, System.String, System.String, Boolean, Int32) on controller ProductCrud.Web.Controllers.ProductsController (ProductCrud.Web).
2026-02-11 19:17:30.645 +03:00 [INF] Getting products: search=null, category=null, sort=Name, page=1
2026-02-11 19:17:30.652 +03:00 [INF] Executed DbCommand (0ms) [Parameters=[], CommandType='"Text"', CommandTimeout='30']
SELECT COUNT(*)
FROM "Products" AS "p"
2026-02-11 19:17:30.653 +03:00 [INF] Executed DbCommand (0ms) [Parameters=[@p1='?' (DbType = Int32), @p='?' (DbType = Int32)], CommandType='"Text"', CommandTimeout='30']
SELECT "p"."Id", "p"."Category", "p"."CreatedAt", "p"."Description", "p"."Name", "p"."Price", "p"."UpdatedAt"
FROM "Products" AS "p"
ORDER BY "p"."Name"
LIMIT @p1 OFFSET @p
2026-02-11 19:17:30.654 +03:00 [INF] Found 5 products (total: 5)
2026-02-11 19:17:30.655 +03:00 [INF] Executed DbCommand (0ms) [Parameters=[], CommandType='"Text"', CommandTimeout='30']
SELECT "p0"."Category"
FROM (
    SELECT DISTINCT "p"."Category"
    FROM "Products" AS "p"
) AS "p0"
ORDER BY "p0"."Category"
2026-02-11 19:17:30.655 +03:00 [INF] Executing ViewResult, running view Index.
2026-02-11 19:17:30.659 +03:00 [INF] Executed ViewResult - view Index executed in 4.0852ms.
2026-02-11 19:17:30.659 +03:00 [INF] Executed action ProductCrud.Web.Controllers.ProductsController.Index (ProductCrud.Web) in 19.0048ms
2026-02-11 19:17:30.659 +03:00 [INF] Executed endpoint 'ProductCrud.Web.Controllers.ProductsController.Index (ProductCrud.Web)'
2026-02-11 19:17:30.660 +03:00 [INF] Request finished HTTP/1.1 GET http://localhost:5014/ - 200 null text/html; charset=utf-8 21.7617ms
2026-02-11 19:17:30.705 +03:00 [INF] Request starting HTTP/1.1 GET http://localhost:5014/lib/bootstrap/dist/css/bootstrap.min.css - null null
2026-02-11 19:17:30.708 +03:00 [INF] Request starting HTTP/1.1 GET http://localhost:5014/css/site.css?v=zeR5PHeeHbxfGkL8WV86OzdoF6UnjuCmnagaocD-cbo - null null
2026-02-11 19:17:30.708 +03:00 [INF] Request starting HTTP/1.1 GET http://localhost:5014/lib/jquery/dist/jquery.min.js - null null
2026-02-11 19:17:30.708 +03:00 [INF] Executing endpoint 'Microsoft.AspNetCore.Routing.RouteEndpoint'
2026-02-11 19:17:30.708 +03:00 [INF] Executing endpoint 'Microsoft.AspNetCore.Routing.RouteEndpoint'
2026-02-11 19:17:30.708 +03:00 [INF] Executing endpoint 'Microsoft.AspNetCore.Routing.RouteEndpoint'
2026-02-11 19:17:30.708 +03:00 [INF] Request starting HTTP/1.1 GET http://localhost:5014/lib/bootstrap/dist/js/bootstrap.bundle.min.js - null null
2026-02-11 19:17:30.709 +03:00 [INF] Executing endpoint 'Microsoft.AspNetCore.Routing.RouteEndpoint'
2026-02-11 19:17:30.709 +03:00 [INF] Request starting HTTP/1.1 GET http://localhost:5014/js/site.js?v=y_Ngd8W21UpuCUhEqGbUKDEqFnNfTjAfb24GhJJGUyM - null null
2026-02-11 19:17:30.709 +03:00 [INF] Executing endpoint 'Microsoft.AspNetCore.Routing.RouteEndpoint'
2026-02-11 19:17:30.715 +03:00 [INF] Sending file. Request path: 'css/site.css'. Physical path: '/home/debian/Рабочий стол/pok/ProductCrud.Web/obj/Debug/net10.0/compressed/0mpyz0fth3-{0}-lugek5hnai-lugek5hnai.gz'
2026-02-11 19:17:30.715 +03:00 [INF] Sending file. Request path: 'js/site.js'. Physical path: '/home/debian/Рабочий стол/pok/ProductCrud.Web/obj/Debug/net10.0/compressed/owgnwjc0d9-{0}-fr7q2aak1r-fr7q2aak1r.gz'
2026-02-11 19:17:30.715 +03:00 [INF] Sending file. Request path: 'lib/bootstrap/dist/js/bootstrap.bundle.min.js'. Physical path: '/home/debian/Рабочий стол/pok/ProductCrud.Web/obj/Debug/net10.0/compressed/j0fhkqeqj6-{0}-493y06b0oq-493y06b0oq.gz'
2026-02-11 19:17:30.715 +03:00 [INF] Executed endpoint 'Microsoft.AspNetCore.Routing.RouteEndpoint'
2026-02-11 19:17:30.715 +03:00 [INF] Executed endpoint 'Microsoft.AspNetCore.Routing.RouteEndpoint'
2026-02-11 19:17:30.715 +03:00 [INF] Executed endpoint 'Microsoft.AspNetCore.Routing.RouteEndpoint'
2026-02-11 19:17:30.715 +03:00 [INF] Sending file. Request path: 'lib/jquery/dist/jquery.min.js'. Physical path: '/home/debian/Рабочий стол/pok/ProductCrud.Web/obj/Debug/net10.0/compressed/9x8rbegz05-{0}-o1o13a6vjx-o1o13a6vjx.gz'
2026-02-11 19:17:30.715 +03:00 [INF] Executed endpoint 'Microsoft.AspNetCore.Routing.RouteEndpoint'
2026-02-11 19:17:30.715 +03:00 [INF] Request finished HTTP/1.1 GET http://localhost:5014/css/site.css?v=zeR5PHeeHbxfGkL8WV86OzdoF6UnjuCmnagaocD-cbo - 200 670 text/css 7.6166ms
2026-02-11 19:17:30.715 +03:00 [INF] Request finished HTTP/1.1 GET http://localhost:5014/js/site.js?v=y_Ngd8W21UpuCUhEqGbUKDEqFnNfTjAfb24GhJJGUyM - 200 260 text/javascript 6.2835ms
2026-02-11 19:17:30.715 +03:00 [INF] Request finished HTTP/1.1 GET http://localhost:5014/lib/bootstrap/dist/js/bootstrap.bundle.min.js - 200 80764 text/javascript 6.8959ms
2026-02-11 19:17:30.715 +03:00 [INF] Request finished HTTP/1.1 GET http://localhost:5014/lib/jquery/dist/jquery.min.js - 200 87576 text/javascript 7.3977ms
2026-02-11 19:17:30.717 +03:00 [INF] Sending file. Request path: 'lib/bootstrap/dist/css/bootstrap.min.css'. Physical path: '/home/debian/Рабочий стол/pok/ProductCrud.Web/obj/Debug/net10.0/compressed/un2dwsb412-{0}-46ein0sx1k-46ein0sx1k.gz'
2026-02-11 19:17:30.718 +03:00 [INF] Executed endpoint 'Microsoft.AspNetCore.Routing.RouteEndpoint'
2026-02-11 19:17:30.719 +03:00 [INF] Request finished HTTP/1.1 GET http://localhost:5014/lib/bootstrap/dist/css/bootstrap.min.css - 200 232871 text/css 13.1578ms
2026-02-11 19:17:30.756 +03:00 [INF] Request starting HTTP/1.1 GET http://localhost:5014/favicon.ico - null null
2026-02-11 19:17:30.759 +03:00 [INF] Executing endpoint 'Microsoft.AspNetCore.Routing.RouteEndpoint'
2026-02-11 19:17:30.759 +03:00 [INF] Sending file. Request path: 'favicon.ico'. Physical path: '/home/debian/Рабочий стол/pok/ProductCrud.Web/obj/Debug/net10.0/compressed/c0vcnbei4x-{0}-61n19gt1b8-61n19gt1b8.gz'
2026-02-11 19:17:30.759 +03:00 [INF] Executed endpoint 'Microsoft.AspNetCore.Routing.RouteEndpoint'
2026-02-11 19:17:30.759 +03:00 [INF] Request finished HTTP/1.1 GET http://localhost:5014/favicon.ico - 200 5463 image/x-icon 3.2911ms
2026-02-11 19:20:54.785 +03:00 [INF] Request starting HTTP/1.1 GET http://localhost:5014/Products/Create - null null
2026-02-11 19:20:54.787 +03:00 [INF] Executing endpoint 'ProductCrud.Web.Controllers.ProductsController.Create (ProductCrud.Web)'
2026-02-11 19:20:54.792 +03:00 [INF] Route matched with {action = "Create", controller = "Products"}. Executing controller action with signature Microsoft.AspNetCore.Mvc.IActionResult Create() on controller ProductCrud.Web.Controllers.ProductsController (ProductCrud.Web).
2026-02-11 19:20:54.796 +03:00 [INF] Executing ViewResult, running view Create.
2026-02-11 19:20:54.932 +03:00 [INF] Executed ViewResult - view Create executed in 138.7825ms.
2026-02-11 19:20:54.933 +03:00 [INF] Executed action ProductCrud.Web.Controllers.ProductsController.Create (ProductCrud.Web) in 140.5136ms
2026-02-11 19:20:54.933 +03:00 [INF] Executed endpoint 'ProductCrud.Web.Controllers.ProductsController.Create (ProductCrud.Web)'
2026-02-11 19:20:54.933 +03:00 [INF] Request finished HTTP/1.1 GET http://localhost:5014/Products/Create - 200 null text/html; charset=utf-8 147.747ms
2026-02-11 19:20:55.045 +03:00 [INF] Request starting HTTP/1.1 GET http://localhost:5014/lib/bootstrap/dist/css/bootstrap.min.css - null null
2026-02-11 19:20:55.047 +03:00 [INF] Request starting HTTP/1.1 GET http://localhost:5014/lib/bootstrap/dist/js/bootstrap.bundle.min.js - null null
2026-02-11 19:20:55.048 +03:00 [INF] Request starting HTTP/1.1 GET http://localhost:5014/css/site.css?v=zeR5PHeeHbxfGkL8WV86OzdoF6UnjuCmnagaocD-cbo - null null
2026-02-11 19:20:55.048 +03:00 [INF] Request starting HTTP/1.1 GET http://localhost:5014/lib/jquery/dist/jquery.min.js - null null
2026-02-11 19:20:55.048 +03:00 [INF] Request starting HTTP/1.1 GET http://localhost:5014/js/site.js?v=y_Ngd8W21UpuCUhEqGbUKDEqFnNfTjAfb24GhJJGUyM - null null
2026-02-11 19:20:55.049 +03:00 [INF] Executing endpoint 'Microsoft.AspNetCore.Routing.RouteEndpoint'
2026-02-11 19:20:55.049 +03:00 [INF] Executing endpoint 'Microsoft.AspNetCore.Routing.RouteEndpoint'
2026-02-11 19:20:55.050 +03:00 [INF] Request starting HTTP/1.1 GET http://localhost:5014/lib/jquery-validation/dist/jquery.validate.min.js - null null
2026-02-11 19:20:55.050 +03:00 [INF] Executing endpoint 'Microsoft.AspNetCore.Routing.RouteEndpoint'
2026-02-11 19:20:55.050 +03:00 [INF] Executing endpoint 'Microsoft.AspNetCore.Routing.RouteEndpoint'
2026-02-11 19:20:55.050 +03:00 [INF] Sending file. Request path: 'js/site.js'. Physical path: '/home/debian/Рабочий стол/pok/ProductCrud.Web/obj/Debug/net10.0/compressed/owgnwjc0d9-{0}-fr7q2aak1r-fr7q2aak1r.gz'
2026-02-11 19:20:55.050 +03:00 [INF] Sending file. Request path: 'css/site.css'. Physical path: '/home/debian/Рабочий стол/pok/ProductCrud.Web/obj/Debug/net10.0/compressed/0mpyz0fth3-{0}-lugek5hnai-lugek5hnai.gz'
2026-02-11 19:20:55.050 +03:00 [INF] Executed endpoint 'Microsoft.AspNetCore.Routing.RouteEndpoint'
2026-02-11 19:20:55.050 +03:00 [INF] Executed endpoint 'Microsoft.AspNetCore.Routing.RouteEndpoint'
2026-02-11 19:20:55.051 +03:00 [INF] Request finished HTTP/1.1 GET http://localhost:5014/js/site.js?v=y_Ngd8W21UpuCUhEqGbUKDEqFnNfTjAfb24GhJJGUyM - 200 260 text/javascript 2.4101ms
2026-02-11 19:20:55.051 +03:00 [INF] Request finished HTTP/1.1 GET http://localhost:5014/css/site.css?v=zeR5PHeeHbxfGkL8WV86OzdoF6UnjuCmnagaocD-cbo - 200 670 text/css 2.8859ms
2026-02-11 19:20:55.051 +03:00 [INF] Sending file. Request path: 'lib/jquery-validation/dist/jquery.validate.min.js'. Physical path: '/home/debian/Рабочий стол/pok/ProductCrud.Web/obj/Debug/net10.0/compressed/c21kqetesb-{0}-ag7o75518u-ag7o75518u.gz'
2026-02-11 19:20:55.051 +03:00 [INF] Executed endpoint 'Microsoft.AspNetCore.Routing.RouteEndpoint'
2026-02-11 19:20:55.051 +03:00 [INF] Request finished HTTP/1.1 GET http://localhost:5014/lib/jquery-validation/dist/jquery.validate.min.js - 200 25341 text/javascript 1.0093ms
2026-02-11 19:20:55.051 +03:00 [INF] Request starting HTTP/1.1 GET http://localhost:5014/lib/jquery-validation-unobtrusive/dist/jquery.validate.unobtrusive.min.js - null null
2026-02-11 19:20:55.051 +03:00 [INF] Executing endpoint 'Microsoft.AspNetCore.Routing.RouteEndpoint'
2026-02-11 19:20:55.052 +03:00 [INF] Sending file. Request path: 'lib/jquery-validation-unobtrusive/dist/jquery.validate.unobtrusive.min.js'. Physical path: '/home/debian/Рабочий стол/pok/ProductCrud.Web/obj/Debug/net10.0/compressed/ldvqkkfxt0-{0}-4v8eqarkd7-4v8eqarkd7.gz'
2026-02-11 19:20:55.052 +03:00 [INF] Executed endpoint 'Microsoft.AspNetCore.Routing.RouteEndpoint'
2026-02-11 19:20:55.052 +03:00 [INF] Request finished HTTP/1.1 GET http://localhost:5014/lib/jquery-validation-unobtrusive/dist/jquery.validate.unobtrusive.min.js - 200 5857 text/javascript 0.9892ms
2026-02-11 19:20:55.052 +03:00 [INF] Sending file. Request path: 'lib/bootstrap/dist/css/bootstrap.min.css'. Physical path: '/home/debian/Рабочий стол/pok/ProductCrud.Web/obj/Debug/net10.0/compressed/un2dwsb412-{0}-46ein0sx1k-46ein0sx1k.gz'
2026-02-11 19:20:55.052 +03:00 [INF] Executed endpoint 'Microsoft.AspNetCore.Routing.RouteEndpoint'
2026-02-11 19:20:55.053 +03:00 [INF] Request finished HTTP/1.1 GET http://localhost:5014/lib/bootstrap/dist/css/bootstrap.min.css - 200 232871 text/css 7.733ms
2026-02-11 19:20:55.059 +03:00 [INF] Executing endpoint 'Microsoft.AspNetCore.Routing.RouteEndpoint'
2026-02-11 19:20:55.112 +03:00 [INF] Sending file. Request path: 'lib/jquery/dist/jquery.min.js'. Physical path: '/home/debian/Рабочий стол/pok/ProductCrud.Web/obj/Debug/net10.0/compressed/9x8rbegz05-{0}-o1o13a6vjx-o1o13a6vjx.gz'
2026-02-11 19:20:55.113 +03:00 [INF] Executed endpoint 'Microsoft.AspNetCore.Routing.RouteEndpoint'
2026-02-11 19:20:55.113 +03:00 [INF] Request finished HTTP/1.1 GET http://localhost:5014/lib/jquery/dist/jquery.min.js - 200 87576 text/javascript 65.4637ms
2026-02-11 19:20:55.170 +03:00 [INF] Executing endpoint 'Microsoft.AspNetCore.Routing.RouteEndpoint'
2026-02-11 19:20:55.171 +03:00 [INF] Sending file. Request path: 'lib/bootstrap/dist/js/bootstrap.bundle.min.js'. Physical path: '/home/debian/Рабочий стол/pok/ProductCrud.Web/obj/Debug/net10.0/compressed/j0fhkqeqj6-{0}-493y06b0oq-493y06b0oq.gz'
2026-02-11 19:20:55.171 +03:00 [INF] Executed endpoint 'Microsoft.AspNetCore.Routing.RouteEndpoint'
2026-02-11 19:20:55.171 +03:00 [INF] Request finished HTTP/1.1 GET http://localhost:5014/lib/bootstrap/dist/js/bootstrap.bundle.min.js - 200 80764 text/javascript 123.4073ms
2026-02-11 19:20:56.639 +03:00 [INF] Request starting HTTP/1.1 GET http://localhost:5014/ - null null
2026-02-11 19:20:56.640 +03:00 [INF] Executing endpoint 'ProductCrud.Web.Controllers.ProductsController.Index (ProductCrud.Web)'
2026-02-11 19:20:56.640 +03:00 [INF] Route matched with {action = "Index", controller = "Products"}. Executing controller action with signature System.Threading.Tasks.Task`1[Microsoft.AspNetCore.Mvc.IActionResult] Index(System.String, System.String, System.String, Boolean, Int32) on controller ProductCrud.Web.Controllers.ProductsController (ProductCrud.Web).
2026-02-11 19:20:56.642 +03:00 [INF] Getting products: search=null, category=null, sort=Name, page=1
2026-02-11 19:20:56.644 +03:00 [INF] Executed DbCommand (0ms) [Parameters=[], CommandType='"Text"', CommandTimeout='30']
SELECT COUNT(*)
FROM "Products" AS "p"
2026-02-11 19:20:56.646 +03:00 [INF] Executed DbCommand (0ms) [Parameters=[@p1='?' (DbType = Int32), @p='?' (DbType = Int32)], CommandType='"Text"', CommandTimeout='30']
SELECT "p"."Id", "p"."Category", "p"."CreatedAt", "p"."Description", "p"."Name", "p"."Price", "p"."UpdatedAt"
FROM "Products" AS "p"
ORDER BY "p"."Name"
LIMIT @p1 OFFSET @p
2026-02-11 19:20:56.647 +03:00 [INF] Found 5 products (total: 5)
2026-02-11 19:20:56.648 +03:00 [INF] Executed DbCommand (0ms) [Parameters=[], CommandType='"Text"', CommandTimeout='30']
SELECT "p0"."Category"
FROM (
    SELECT DISTINCT "p"."Category"
    FROM "Products" AS "p"
) AS "p0"
ORDER BY "p0"."Category"
2026-02-11 19:20:56.649 +03:00 [INF] Executing ViewResult, running view Index.
2026-02-11 19:20:56.652 +03:00 [INF] Executed ViewResult - view Index executed in 3.1206ms.
2026-02-11 19:20:56.652 +03:00 [INF] Executed action ProductCrud.Web.Controllers.ProductsController.Index (ProductCrud.Web) in 11.1766ms
2026-02-11 19:20:56.652 +03:00 [INF] Executed endpoint 'ProductCrud.Web.Controllers.ProductsController.Index (ProductCrud.Web)'
2026-02-11 19:20:56.652 +03:00 [INF] Request finished HTTP/1.1 GET http://localhost:5014/ - 200 null text/html; charset=utf-8 12.7337ms
2026-02-11 19:20:56.765 +03:00 [INF] Request starting HTTP/1.1 GET http://localhost:5014/lib/bootstrap/dist/css/bootstrap.min.css - null null
2026-02-11 19:20:56.765 +03:00 [INF] Executing endpoint 'Microsoft.AspNetCore.Routing.RouteEndpoint'
2026-02-11 19:20:56.766 +03:00 [INF] Request starting HTTP/1.1 GET http://localhost:5014/css/site.css?v=zeR5PHeeHbxfGkL8WV86OzdoF6UnjuCmnagaocD-cbo - null null
2026-02-11 19:20:56.767 +03:00 [INF] Executing endpoint 'Microsoft.AspNetCore.Routing.RouteEndpoint'
2026-02-11 19:20:56.767 +03:00 [INF] Request starting HTTP/1.1 GET http://localhost:5014/lib/jquery/dist/jquery.min.js - null null
2026-02-11 19:20:56.767 +03:00 [INF] Sending file. Request path: 'css/site.css'. Physical path: '/home/debian/Рабочий стол/pok/ProductCrud.Web/obj/Debug/net10.0/compressed/0mpyz0fth3-{0}-lugek5hnai-lugek5hnai.gz'
2026-02-11 19:20:56.767 +03:00 [INF] Executed endpoint 'Microsoft.AspNetCore.Routing.RouteEndpoint'
2026-02-11 19:20:56.768 +03:00 [INF] Request finished HTTP/1.1 GET http://localhost:5014/css/site.css?v=zeR5PHeeHbxfGkL8WV86OzdoF6UnjuCmnagaocD-cbo - 200 670 text/css 1.3184ms
2026-02-11 19:20:56.768 +03:00 [INF] Executing endpoint 'Microsoft.AspNetCore.Routing.RouteEndpoint'
2026-02-11 19:20:56.769 +03:00 [INF] Request starting HTTP/1.1 GET http://localhost:5014/lib/bootstrap/dist/js/bootstrap.bundle.min.js - null null
2026-02-11 19:20:56.769 +03:00 [INF] Sending file. Request path: 'lib/bootstrap/dist/css/bootstrap.min.css'. Physical path: '/home/debian/Рабочий стол/pok/ProductCrud.Web/obj/Debug/net10.0/compressed/un2dwsb412-{0}-46ein0sx1k-46ein0sx1k.gz'
2026-02-11 19:20:56.769 +03:00 [INF] Executed endpoint 'Microsoft.AspNetCore.Routing.RouteEndpoint'
2026-02-11 19:20:56.769 +03:00 [INF] Request finished HTTP/1.1 GET http://localhost:5014/lib/bootstrap/dist/css/bootstrap.min.css - 200 232871 text/css 4.473ms
2026-02-11 19:20:56.769 +03:00 [INF] Executing endpoint 'Microsoft.AspNetCore.Routing.RouteEndpoint'
2026-02-11 19:20:56.769 +03:00 [INF] Sending file. Request path: 'lib/jquery/dist/jquery.min.js'. Physical path: '/home/debian/Рабочий стол/pok/ProductCrud.Web/obj/Debug/net10.0/compressed/9x8rbegz05-{0}-o1o13a6vjx-o1o13a6vjx.gz'
2026-02-11 19:20:56.770 +03:00 [INF] Executed endpoint 'Microsoft.AspNetCore.Routing.RouteEndpoint'
2026-02-11 19:20:56.770 +03:00 [INF] Request finished HTTP/1.1 GET http://localhost:5014/lib/jquery/dist/jquery.min.js - 200 87576 text/javascript 2.3891ms
2026-02-11 19:20:56.770 +03:00 [INF] Request starting HTTP/1.1 GET http://localhost:5014/js/site.js?v=y_Ngd8W21UpuCUhEqGbUKDEqFnNfTjAfb24GhJJGUyM - null null
2026-02-11 19:20:56.771 +03:00 [INF] Executing endpoint 'Microsoft.AspNetCore.Routing.RouteEndpoint'
2026-02-11 19:20:56.771 +03:00 [INF] Sending file. Request path: 'js/site.js'. Physical path: '/home/debian/Рабочий стол/pok/ProductCrud.Web/obj/Debug/net10.0/compressed/owgnwjc0d9-{0}-fr7q2aak1r-fr7q2aak1r.gz'
2026-02-11 19:20:56.771 +03:00 [INF] Executed endpoint 'Microsoft.AspNetCore.Routing.RouteEndpoint'
2026-02-11 19:20:56.771 +03:00 [INF] Sending file. Request path: 'lib/bootstrap/dist/js/bootstrap.bundle.min.js'. Physical path: '/home/debian/Рабочий стол/pok/ProductCrud.Web/obj/Debug/net10.0/compressed/j0fhkqeqj6-{0}-493y06b0oq-493y06b0oq.gz'
2026-02-11 19:20:56.771 +03:00 [INF] Request finished HTTP/1.1 GET http://localhost:5014/js/site.js?v=y_Ngd8W21UpuCUhEqGbUKDEqFnNfTjAfb24GhJJGUyM - 200 260 text/javascript 1.1237ms
2026-02-11 19:20:56.771 +03:00 [INF] Executed endpoint 'Microsoft.AspNetCore.Routing.RouteEndpoint'
2026-02-11 19:20:56.771 +03:00 [INF] Request finished HTTP/1.1 GET http://localhost:5014/lib/bootstrap/dist/js/bootstrap.bundle.min.js - 200 80764 text/javascript 2.7372ms
