2026-02-18 23:42:35.729 +01:00 [INF] Executed DbCommand (7ms) [Parameters=[], CommandType='"Text"', CommandTimeout='30']
SELECT COUNT(*) FROM "sqlite_master" WHERE "type" = 'table' AND "rootpage" IS NOT NULL;
2026-02-18 23:42:35.880 +01:00 [INF] Executed DbCommand (0ms) [Parameters=[], CommandType='"Text"', CommandTimeout='30']
SELECT EXISTS (
    SELECT 1
    FROM "Products" AS "p")
2026-02-18 23:42:35.960 +01:00 [INF] Application started
2026-02-18 23:42:35.984 +01:00 [INF] User profile is available. Using 'C:\Users\Soma\AppData\Local\ASP.NET\DataProtection-Keys' as key repository and Windows DPAPI to encrypt keys at rest.
2026-02-18 23:42:36.046 +01:00 [INF] Now listening on: http://localhost:5014
2026-02-18 23:42:36.050 +01:00 [INF] Application started. Press Ctrl+C to shut down.
2026-02-18 23:42:36.051 +01:00 [INF] Hosting environment: Development
2026-02-18 23:42:36.051 +01:00 [INF] Content root path: C:\Users\Soma\Desktop\practice\ProductCrud.Web
2026-02-18 23:43:29.761 +01:00 [INF] Request starting HTTP/1.1 GET http://localhost:5014/ - null null
2026-02-18 23:43:29.765 +01:00 [WRN] Failed to determine the https port for redirect.
2026-02-18 23:43:29.796 +01:00 [INF] Executing endpoint 'ProductCrud.Web.Controllers.ProductsController.Index (ProductCrud.Web)'
2026-02-18 23:43:29.809 +01:00 [INF] Route matched with {action = "Index", controller = "Products"}. Executing controller action with signature System.Threading.Tasks.Task`1[Microsoft.AspNetCore.Mvc.IActionResult] Index(System.String, System.String, System.String, Boolean, Int32) on controller ProductCrud.Web.Controllers.ProductsController (ProductCrud.Web).
2026-02-18 23:43:29.818 +01:00 [INF] Getting products: search=null, category=null, sort=Name, page=1
2026-02-18 23:43:29.856 +01:00 [INF] Executed DbCommand (1ms) [Parameters=[], CommandType='"Text"', CommandTimeout='30']
SELECT COUNT(*)
FROM "Products" AS "p"
2026-02-18 23:43:29.891 +01:00 [INF] Executed DbCommand (2ms) [Parameters=[@p1='?' (DbType = Int32), @p='?' (DbType = Int32)], CommandType='"Text"', CommandTimeout='30']
SELECT "p"."Id", "p"."Category", "p"."CreatedAt", "p"."Description", "p"."Name", "p"."Price", "p"."UpdatedAt"
FROM "Products" AS "p"
ORDER BY "p"."Name"
LIMIT @p1 OFFSET @p
2026-02-18 23:43:29.917 +01:00 [INF] Found 5 products (total: 5)
2026-02-18 23:43:29.929 +01:00 [INF] Executed DbCommand (0ms) [Parameters=[], CommandType='"Text"', CommandTimeout='30']
SELECT "p0"."Category"
FROM (
    SELECT DISTINCT "p"."Category"
    FROM "Products" AS "p"
) AS "p0"
ORDER BY "p0"."Category"
2026-02-18 23:43:29.936 +01:00 [INF] Executing ViewResult, running view Index.
2026-02-18 23:43:29.990 +01:00 [INF] Executed ViewResult - view Index executed in 54.6188ms.
2026-02-18 23:43:29.992 +01:00 [INF] Executed action ProductCrud.Web.Controllers.ProductsController.Index (ProductCrud.Web) in 181.5216ms
2026-02-18 23:43:29.993 +01:00 [INF] Executed endpoint 'ProductCrud.Web.Controllers.ProductsController.Index (ProductCrud.Web)'
2026-02-18 23:43:29.998 +01:00 [INF] Request finished HTTP/1.1 GET http://localhost:5014/ - 200 null text/html; charset=utf-8 238.4289ms
2026-02-18 23:43:30.024 +01:00 [INF] Request starting HTTP/1.1 GET http://localhost:5014/lib/bootstrap/dist/css/bootstrap.min.css - null null
2026-02-18 23:43:30.025 +01:00 [INF] Request starting HTTP/1.1 GET http://localhost:5014/lib/jquery/dist/jquery.min.js - null null
2026-02-18 23:43:30.025 +01:00 [INF] Request starting HTTP/1.1 GET http://localhost:5014/css/site.css?v=zeR5PHeeHbxfGkL8WV86OzdoF6UnjuCmnagaocD-cbo - null null
2026-02-18 23:43:30.026 +01:00 [INF] Request starting HTTP/1.1 GET http://localhost:5014/lib/bootstrap/dist/js/bootstrap.bundle.min.js - null null
2026-02-18 23:43:30.026 +01:00 [INF] Request starting HTTP/1.1 GET http://localhost:5014/js/site.js?v=y_Ngd8W21UpuCUhEqGbUKDEqFnNfTjAfb24GhJJGUyM - null null
2026-02-18 23:43:30.031 +01:00 [INF] Executing endpoint 'Microsoft.AspNetCore.Routing.RouteEndpoint'
2026-02-18 23:43:30.031 +01:00 [INF] Executing endpoint 'Microsoft.AspNetCore.Routing.RouteEndpoint'
2026-02-18 23:43:30.033 +01:00 [INF] Executing endpoint 'Microsoft.AspNetCore.Routing.RouteEndpoint'
2026-02-18 23:43:30.036 +01:00 [INF] Executing endpoint 'Microsoft.AspNetCore.Routing.RouteEndpoint'
2026-02-18 23:43:30.038 +01:00 [INF] Executing endpoint 'Microsoft.AspNetCore.Routing.RouteEndpoint'
2026-02-18 23:43:30.044 +01:00 [INF] Sending file. Request path: 'lib/bootstrap/dist/css/bootstrap.min.css'. Physical path: 'C:\Users\Soma\Desktop\practice\ProductCrud.Web\obj\Debug\net10.0\compressed\un2dwsb412-{0}-46ein0sx1k-46ein0sx1k.gz'
2026-02-18 23:43:30.044 +01:00 [INF] Sending file. Request path: 'js/site.js'. Physical path: 'C:\Users\Soma\Desktop\practice\ProductCrud.Web\obj\Debug\net10.0\compressed\owgnwjc0d9-{0}-fr7q2aak1r-fr7q2aak1r.gz'
2026-02-18 23:43:30.044 +01:00 [INF] Sending file. Request path: 'lib/jquery/dist/jquery.min.js'. Physical path: 'C:\Users\Soma\Desktop\practice\ProductCrud.Web\obj\Debug\net10.0\compressed\9x8rbegz05-{0}-o1o13a6vjx-o1o13a6vjx.gz'
2026-02-18 23:43:30.044 +01:00 [INF] Sending file. Request path: 'css/site.css'. Physical path: 'C:\Users\Soma\Desktop\practice\ProductCrud.Web\obj\Debug\net10.0\compressed\0mpyz0fth3-{0}-lugek5hnai-lugek5hnai.gz'
2026-02-18 23:43:30.044 +01:00 [INF] Sending file. Request path: 'lib/bootstrap/dist/js/bootstrap.bundle.min.js'. Physical path: 'C:\Users\Soma\Desktop\practice\ProductCrud.Web\obj\Debug\net10.0\compressed\j0fhkqeqj6-{0}-493y06b0oq-493y06b0oq.gz'
2026-02-18 23:43:30.045 +01:00 [INF] Executed endpoint 'Microsoft.AspNetCore.Routing.RouteEndpoint'
2026-02-18 23:43:30.046 +01:00 [INF] Executed endpoint 'Microsoft.AspNetCore.Routing.RouteEndpoint'
2026-02-18 23:43:30.047 +01:00 [INF] Executed endpoint 'Microsoft.AspNetCore.Routing.RouteEndpoint'
2026-02-18 23:43:30.048 +01:00 [INF] Executed endpoint 'Microsoft.AspNetCore.Routing.RouteEndpoint'
2026-02-18 23:43:30.049 +01:00 [INF] Executed endpoint 'Microsoft.AspNetCore.Routing.RouteEndpoint'
2026-02-18 23:43:30.050 +01:00 [INF] Request finished HTTP/1.1 GET http://localhost:5014/lib/bootstrap/dist/css/bootstrap.min.css - 200 30970 text/css 25.3217ms
2026-02-18 23:43:30.051 +01:00 [INF] Request finished HTTP/1.1 GET http://localhost:5014/js/site.js?v=y_Ngd8W21UpuCUhEqGbUKDEqFnNfTjAfb24GhJJGUyM - 200 185 text/javascript 24.5584ms
2026-02-18 23:43:30.051 +01:00 [INF] Request finished HTTP/1.1 GET http://localhost:5014/lib/jquery/dist/jquery.min.js - 200 30683 text/javascript 26.4031ms
2026-02-18 23:43:30.052 +01:00 [INF] Request finished HTTP/1.1 GET http://localhost:5014/css/site.css?v=zeR5PHeeHbxfGkL8WV86OzdoF6UnjuCmnagaocD-cbo - 200 312 text/css 26.773ms
2026-02-18 23:43:30.053 +01:00 [INF] Request finished HTTP/1.1 GET http://localhost:5014/lib/bootstrap/dist/js/bootstrap.bundle.min.js - 200 23984 text/javascript 27.3673ms
2026-02-18 23:43:30.171 +01:00 [INF] Request starting HTTP/1.1 GET http://localhost:5014/favicon.ico - null null
2026-02-18 23:43:30.174 +01:00 [INF] Executing endpoint 'Microsoft.AspNetCore.Routing.RouteEndpoint'
2026-02-18 23:43:30.177 +01:00 [INF] Sending file. Request path: 'favicon.ico'. Physical path: 'C:\Users\Soma\Desktop\practice\ProductCrud.Web\obj\Debug\net10.0\compressed\c0vcnbei4x-{0}-61n19gt1b8-61n19gt1b8.gz'
2026-02-18 23:43:30.179 +01:00 [INF] Executed endpoint 'Microsoft.AspNetCore.Routing.RouteEndpoint'
2026-02-18 23:43:30.181 +01:00 [INF] Request finished HTTP/1.1 GET http://localhost:5014/favicon.ico - 200 2468 image/x-icon 9.3716ms
2026-02-18 23:43:36.845 +01:00 [INF] Request starting HTTP/1.1 GET http://localhost:5014/ - null null
2026-02-18 23:43:36.848 +01:00 [INF] Executing endpoint 'ProductCrud.Web.Controllers.ProductsController.Index (ProductCrud.Web)'
2026-02-18 23:43:36.849 +01:00 [INF] Route matched with {action = "Index", controller = "Products"}. Executing controller action with signature System.Threading.Tasks.Task`1[Microsoft.AspNetCore.Mvc.IActionResult] Index(System.String, System.String, System.String, Boolean, Int32) on controller ProductCrud.Web.Controllers.ProductsController (ProductCrud.Web).
2026-02-18 23:43:36.853 +01:00 [INF] Getting products: search=null, category=null, sort=Name, page=1
2026-02-18 23:43:36.897 +01:00 [INF] Executed DbCommand (0ms) [Parameters=[], CommandType='"Text"', CommandTimeout='30']
SELECT COUNT(*)
FROM "Products" AS "p"
2026-02-18 23:43:36.899 +01:00 [INF] Executed DbCommand (0ms) [Parameters=[@p1='?' (DbType = Int32), @p='?' (DbType = Int32)], CommandType='"Text"', CommandTimeout='30']
SELECT "p"."Id", "p"."Category", "p"."CreatedAt", "p"."Description", "p"."Name", "p"."Price", "p"."UpdatedAt"
FROM "Products" AS "p"
ORDER BY "p"."Name"
LIMIT @p1 OFFSET @p
2026-02-18 23:43:36.901 +01:00 [INF] Found 5 products (total: 5)
2026-02-18 23:43:36.902 +01:00 [INF] Executed DbCommand (0ms) [Parameters=[], CommandType='"Text"', CommandTimeout='30']
SELECT "p0"."Category"
FROM (
    SELECT DISTINCT "p"."Category"
    FROM "Products" AS "p"
) AS "p0"
ORDER BY "p0"."Category"
2026-02-18 23:43:36.904 +01:00 [INF] Executing ViewResult, running view Index.
2026-02-18 23:43:36.911 +01:00 [INF] Executed ViewResult - view Index executed in 6.8642ms.
2026-02-18 23:43:36.912 +01:00 [INF] Executed action ProductCrud.Web.Controllers.ProductsController.Index (ProductCrud.Web) in 61.7151ms
2026-02-18 23:43:36.914 +01:00 [INF] Executed endpoint 'ProductCrud.Web.Controllers.ProductsController.Index (ProductCrud.Web)'
2026-02-18 23:43:36.915 +01:00 [INF] Request finished HTTP/1.1 GET http://localhost:5014/ - 200 null text/html; charset=utf-8 69.649ms
2026-02-18 23:43:36.944 +01:00 [INF] Request starting HTTP/1.1 GET http://localhost:5014/lib/bootstrap/dist/css/bootstrap.min.css - null null
2026-02-18 23:43:36.945 +01:00 [INF] Request starting HTTP/1.1 GET http://localhost:5014/css/site.css?v=zeR5PHeeHbxfGkL8WV86OzdoF6UnjuCmnagaocD-cbo - null null
2026-02-18 23:43:36.945 +01:00 [INF] Request starting HTTP/1.1 GET http://localhost:5014/lib/jquery/dist/jquery.min.js - null null
2026-02-18 23:43:36.945 +01:00 [INF] Request starting HTTP/1.1 GET http://localhost:5014/lib/bootstrap/dist/js/bootstrap.bundle.min.js - null null
2026-02-18 23:43:36.945 +01:00 [INF] Request starting HTTP/1.1 GET http://localhost:5014/js/site.js?v=y_Ngd8W21UpuCUhEqGbUKDEqFnNfTjAfb24GhJJGUyM - null null
2026-02-18 23:43:36.947 +01:00 [INF] Executing endpoint 'Microsoft.AspNetCore.Routing.RouteEndpoint'
2026-02-18 23:43:36.949 +01:00 [INF] Executing endpoint 'Microsoft.AspNetCore.Routing.RouteEndpoint'
2026-02-18 23:43:36.955 +01:00 [INF] Executing endpoint 'Microsoft.AspNetCore.Routing.RouteEndpoint'
2026-02-18 23:43:36.956 +01:00 [INF] Executing endpoint 'Microsoft.AspNetCore.Routing.RouteEndpoint'
2026-02-18 23:43:36.956 +01:00 [INF] The file lib/bootstrap/dist/css/bootstrap.min.css was not modified
2026-02-18 23:43:36.957 +01:00 [INF] The file css/site.css was not modified
2026-02-18 23:43:36.957 +01:00 [INF] The file js/site.js was not modified
2026-02-18 23:43:36.958 +01:00 [INF] The file lib/jquery/dist/jquery.min.js was not modified
2026-02-18 23:43:36.958 +01:00 [INF] Executed endpoint 'Microsoft.AspNetCore.Routing.RouteEndpoint'
2026-02-18 23:43:36.959 +01:00 [INF] Executed endpoint 'Microsoft.AspNetCore.Routing.RouteEndpoint'
2026-02-18 23:43:36.960 +01:00 [INF] Executed endpoint 'Microsoft.AspNetCore.Routing.RouteEndpoint'
2026-02-18 23:43:36.960 +01:00 [INF] Executed endpoint 'Microsoft.AspNetCore.Routing.RouteEndpoint'
2026-02-18 23:43:36.961 +01:00 [INF] Request finished HTTP/1.1 GET http://localhost:5014/lib/bootstrap/dist/css/bootstrap.min.css - 304 null text/css 17.7065ms
2026-02-18 23:43:36.962 +01:00 [INF] Request finished HTTP/1.1 GET http://localhost:5014/css/site.css?v=zeR5PHeeHbxfGkL8WV86OzdoF6UnjuCmnagaocD-cbo - 304 null text/css 17.1035ms
2026-02-18 23:43:36.963 +01:00 [INF] Request finished HTTP/1.1 GET http://localhost:5014/js/site.js?v=y_Ngd8W21UpuCUhEqGbUKDEqFnNfTjAfb24GhJJGUyM - 304 null text/javascript 17.3379ms
2026-02-18 23:43:36.963 +01:00 [INF] Request finished HTTP/1.1 GET http://localhost:5014/lib/jquery/dist/jquery.min.js - 304 null text/javascript 18.4981ms
2026-02-18 23:43:36.976 +01:00 [INF] Executing endpoint 'Microsoft.AspNetCore.Routing.RouteEndpoint'
2026-02-18 23:43:36.977 +01:00 [INF] The file lib/bootstrap/dist/js/bootstrap.bundle.min.js was not modified
2026-02-18 23:43:36.978 +01:00 [INF] Executed endpoint 'Microsoft.AspNetCore.Routing.RouteEndpoint'
2026-02-18 23:43:36.978 +01:00 [INF] Request finished HTTP/1.1 GET http://localhost:5014/lib/bootstrap/dist/js/bootstrap.bundle.min.js - 304 null text/javascript 33.3898ms
2026-02-18 23:43:37.682 +01:00 [INF] Request starting HTTP/1.1 GET http://localhost:5014/Products/Create - null null
2026-02-18 23:43:37.686 +01:00 [INF] Executing endpoint 'ProductCrud.Web.Controllers.ProductsController.Create (ProductCrud.Web)'
2026-02-18 23:43:37.689 +01:00 [INF] Route matched with {action = "Create", controller = "Products"}. Executing controller action with signature Microsoft.AspNetCore.Mvc.IActionResult Create() on controller ProductCrud.Web.Controllers.ProductsController (ProductCrud.Web).
2026-02-18 23:43:37.693 +01:00 [INF] Executing ViewResult, running view Create.
2026-02-18 23:43:37.716 +01:00 [INF] Executed ViewResult - view Create executed in 24.4103ms.
2026-02-18 23:43:37.718 +01:00 [INF] Executed action ProductCrud.Web.Controllers.ProductsController.Create (ProductCrud.Web) in 27.0726ms
2026-02-18 23:43:37.719 +01:00 [INF] Executed endpoint 'ProductCrud.Web.Controllers.ProductsController.Create (ProductCrud.Web)'
2026-02-18 23:43:37.720 +01:00 [INF] Request finished HTTP/1.1 GET http://localhost:5014/Products/Create - 200 null text/html; charset=utf-8 37.3645ms
2026-02-18 23:43:37.744 +01:00 [INF] Request starting HTTP/1.1 GET http://localhost:5014/lib/bootstrap/dist/css/bootstrap.min.css - null null
2026-02-18 23:43:37.744 +01:00 [INF] Request starting HTTP/1.1 GET http://localhost:5014/css/site.css?v=zeR5PHeeHbxfGkL8WV86OzdoF6UnjuCmnagaocD-cbo - null null
2026-02-18 23:43:37.745 +01:00 [INF] Request starting HTTP/1.1 GET http://localhost:5014/lib/jquery/dist/jquery.min.js - null null
2026-02-18 23:43:37.745 +01:00 [INF] Request starting HTTP/1.1 GET http://localhost:5014/lib/bootstrap/dist/js/bootstrap.bundle.min.js - null null
2026-02-18 23:43:37.745 +01:00 [INF] Request starting HTTP/1.1 GET http://localhost:5014/js/site.js?v=y_Ngd8W21UpuCUhEqGbUKDEqFnNfTjAfb24GhJJGUyM - null null
2026-02-18 23:43:37.747 +01:00 [INF] Request starting HTTP/1.1 GET http://localhost:5014/lib/jquery-validation/dist/jquery.validate.min.js - null null
2026-02-18 23:43:37.748 +01:00 [INF] Executing endpoint 'Microsoft.AspNetCore.Routing.RouteEndpoint'
2026-02-18 23:43:37.750 +01:00 [INF] Executing endpoint 'Microsoft.AspNetCore.Routing.RouteEndpoint'
2026-02-18 23:43:37.751 +01:00 [INF] Executing endpoint 'Microsoft.AspNetCore.Routing.RouteEndpoint'
2026-02-18 23:43:37.753 +01:00 [INF] Executing endpoint 'Microsoft.AspNetCore.Routing.RouteEndpoint'
2026-02-18 23:43:37.755 +01:00 [INF] Executing endpoint 'Microsoft.AspNetCore.Routing.RouteEndpoint'
2026-02-18 23:43:37.756 +01:00 [INF] Executing endpoint 'Microsoft.AspNetCore.Routing.RouteEndpoint'
2026-02-18 23:43:37.757 +01:00 [INF] The file lib/bootstrap/dist/css/bootstrap.min.css was not modified
2026-02-18 23:43:37.757 +01:00 [INF] The file css/site.css was not modified
2026-02-18 23:43:37.758 +01:00 [INF] The file lib/jquery/dist/jquery.min.js was not modified
2026-02-18 23:43:37.759 +01:00 [INF] The file lib/bootstrap/dist/js/bootstrap.bundle.min.js was not modified
2026-02-18 23:43:37.760 +01:00 [INF] The file js/site.js was not modified
2026-02-18 23:43:37.762 +01:00 [INF] Sending file. Request path: 'lib/jquery-validation/dist/jquery.validate.min.js'. Physical path: 'C:\Users\Soma\Desktop\practice\ProductCrud.Web\obj\Debug\net10.0\compressed\c21kqetesb-{0}-ag7o75518u-ag7o75518u.gz'
2026-02-18 23:43:37.762 +01:00 [INF] Executed endpoint 'Microsoft.AspNetCore.Routing.RouteEndpoint'
2026-02-18 23:43:37.762 +01:00 [INF] Executed endpoint 'Microsoft.AspNetCore.Routing.RouteEndpoint'
2026-02-18 23:43:37.763 +01:00 [INF] Executed endpoint 'Microsoft.AspNetCore.Routing.RouteEndpoint'
2026-02-18 23:43:37.764 +01:00 [INF] Executed endpoint 'Microsoft.AspNetCore.Routing.RouteEndpoint'
2026-02-18 23:43:37.764 +01:00 [INF] Executed endpoint 'Microsoft.AspNetCore.Routing.RouteEndpoint'
2026-02-18 23:43:37.765 +01:00 [INF] Executed endpoint 'Microsoft.AspNetCore.Routing.RouteEndpoint'
2026-02-18 23:43:37.766 +01:00 [INF] Request finished HTTP/1.1 GET http://localhost:5014/lib/bootstrap/dist/css/bootstrap.min.css - 304 null text/css 21.3289ms
2026-02-18 23:43:37.766 +01:00 [INF] Request finished HTTP/1.1 GET http://localhost:5014/css/site.css?v=zeR5PHeeHbxfGkL8WV86OzdoF6UnjuCmnagaocD-cbo - 304 null text/css 21.8566ms
2026-02-18 23:43:37.767 +01:00 [INF] Request finished HTTP/1.1 GET http://localhost:5014/lib/jquery/dist/jquery.min.js - 304 null text/javascript 22.7676ms
2026-02-18 23:43:37.768 +01:00 [INF] Request finished HTTP/1.1 GET http://localhost:5014/lib/bootstrap/dist/js/bootstrap.bundle.min.js - 304 null text/javascript 23.2708ms
2026-02-18 23:43:37.769 +01:00 [INF] Request finished HTTP/1.1 GET http://localhost:5014/js/site.js?v=y_Ngd8W21UpuCUhEqGbUKDEqFnNfTjAfb24GhJJGUyM - 304 null text/javascript 23.9068ms
2026-02-18 23:43:37.769 +01:00 [INF] Request finished HTTP/1.1 GET http://localhost:5014/lib/jquery-validation/dist/jquery.validate.min.js - 200 8121 text/javascript 22.5118ms
2026-02-18 23:43:37.781 +01:00 [INF] Request starting HTTP/1.1 GET http://localhost:5014/lib/jquery-validation-unobtrusive/dist/jquery.validate.unobtrusive.min.js - null null
2026-02-18 23:43:37.783 +01:00 [INF] Executing endpoint 'Microsoft.AspNetCore.Routing.RouteEndpoint'
2026-02-18 23:43:37.784 +01:00 [INF] Sending file. Request path: 'lib/jquery-validation-unobtrusive/dist/jquery.validate.unobtrusive.min.js'. Physical path: 'C:\Users\Soma\Desktop\practice\ProductCrud.Web\obj\Debug\net10.0\compressed\ldvqkkfxt0-{0}-4v8eqarkd7-4v8eqarkd7.gz'
2026-02-18 23:43:37.785 +01:00 [INF] Executed endpoint 'Microsoft.AspNetCore.Routing.RouteEndpoint'
2026-02-18 23:43:37.785 +01:00 [INF] Request finished HTTP/1.1 GET http://localhost:5014/lib/jquery-validation-unobtrusive/dist/jquery.validate.unobtrusive.min.js - 200 2207 text/javascript 3.9499ms
2026-02-18 23:43:38.326 +01:00 [INF] Request starting HTTP/1.1 GET http://localhost:5014/ - null null
2026-02-18 23:43:38.328 +01:00 [INF] Executing endpoint 'ProductCrud.Web.Controllers.ProductsController.Index (ProductCrud.Web)'
2026-02-18 23:43:38.329 +01:00 [INF] Route matched with {action = "Index", controller = "Products"}. Executing controller action with signature System.Threading.Tasks.Task`1[Microsoft.AspNetCore.Mvc.IActionResult] Index(System.String, System.String, System.String, Boolean, Int32) on controller ProductCrud.Web.Controllers.ProductsController (ProductCrud.Web).
2026-02-18 23:43:38.332 +01:00 [INF] Getting products: search=null, category=null, sort=Name, page=1
2026-02-18 23:43:38.334 +01:00 [INF] Executed DbCommand (0ms) [Parameters=[], CommandType='"Text"', CommandTimeout='30']
SELECT COUNT(*)
FROM "Products" AS "p"
2026-02-18 23:43:38.337 +01:00 [INF] Executed DbCommand (0ms) [Parameters=[@p1='?' (DbType = Int32), @p='?' (DbType = Int32)], CommandType='"Text"', CommandTimeout='30']
SELECT "p"."Id", "p"."Category", "p"."CreatedAt", "p"."Description", "p"."Name", "p"."Price", "p"."UpdatedAt"
FROM "Products" AS "p"
ORDER BY "p"."Name"
LIMIT @p1 OFFSET @p
2026-02-18 23:43:38.339 +01:00 [INF] Found 5 products (total: 5)
2026-02-18 23:43:38.340 +01:00 [INF] Executed DbCommand (0ms) [Parameters=[], CommandType='"Text"', CommandTimeout='30']
SELECT "p0"."Category"
FROM (
    SELECT DISTINCT "p"."Category"
    FROM "Products" AS "p"
) AS "p0"
ORDER BY "p0"."Category"
2026-02-18 23:43:38.341 +01:00 [INF] Executing ViewResult, running view Index.
2026-02-18 23:43:38.343 +01:00 [INF] Executed ViewResult - view Index executed in 1.9256ms.
2026-02-18 23:43:38.345 +01:00 [INF] Executed action ProductCrud.Web.Controllers.ProductsController.Index (ProductCrud.Web) in 13.2443ms
2026-02-18 23:43:38.346 +01:00 [INF] Executed endpoint 'ProductCrud.Web.Controllers.ProductsController.Index (ProductCrud.Web)'
2026-02-18 23:43:38.347 +01:00 [INF] Request finished HTTP/1.1 GET http://localhost:5014/ - 200 null text/html; charset=utf-8 20.93ms
2026-02-18 23:43:38.370 +01:00 [INF] Request starting HTTP/1.1 GET http://localhost:5014/lib/bootstrap/dist/css/bootstrap.min.css - null null
2026-02-18 23:43:38.370 +01:00 [INF] Request starting HTTP/1.1 GET http://localhost:5014/css/site.css?v=zeR5PHeeHbxfGkL8WV86OzdoF6UnjuCmnagaocD-cbo - null null
2026-02-18 23:43:38.370 +01:00 [INF] Request starting HTTP/1.1 GET http://localhost:5014/lib/jquery/dist/jquery.min.js - null null
2026-02-18 23:43:38.370 +01:00 [INF] Request starting HTTP/1.1 GET http://localhost:5014/lib/bootstrap/dist/js/bootstrap.bundle.min.js - null null
2026-02-18 23:43:38.370 +01:00 [INF] Request starting HTTP/1.1 GET http://localhost:5014/js/site.js?v=y_Ngd8W21UpuCUhEqGbUKDEqFnNfTjAfb24GhJJGUyM - null null
2026-02-18 23:43:38.372 +01:00 [INF] Executing endpoint 'Microsoft.AspNetCore.Routing.RouteEndpoint'
2026-02-18 23:43:38.373 +01:00 [INF] Executing endpoint 'Microsoft.AspNetCore.Routing.RouteEndpoint'
2026-02-18 23:43:38.375 +01:00 [INF] Executing endpoint 'Microsoft.AspNetCore.Routing.RouteEndpoint'
2026-02-18 23:43:38.376 +01:00 [INF] Executing endpoint 'Microsoft.AspNetCore.Routing.RouteEndpoint'
2026-02-18 23:43:38.378 +01:00 [INF] Executing endpoint 'Microsoft.AspNetCore.Routing.RouteEndpoint'
2026-02-18 23:43:38.378 +01:00 [INF] The file lib/bootstrap/dist/css/bootstrap.min.css was not modified
2026-02-18 23:43:38.379 +01:00 [INF] The file css/site.css was not modified
2026-02-18 23:43:38.380 +01:00 [INF] The file lib/jquery/dist/jquery.min.js was not modified
2026-02-18 23:43:38.380 +01:00 [INF] The file lib/bootstrap/dist/js/bootstrap.bundle.min.js was not modified
2026-02-18 23:43:38.381 +01:00 [INF] The file js/site.js was not modified
2026-02-18 23:43:38.382 +01:00 [INF] Executed endpoint 'Microsoft.AspNetCore.Routing.RouteEndpoint'
2026-02-18 23:43:38.382 +01:00 [INF] Executed endpoint 'Microsoft.AspNetCore.Routing.RouteEndpoint'
2026-02-18 23:43:38.383 +01:00 [INF] Executed endpoint 'Microsoft.AspNetCore.Routing.RouteEndpoint'
2026-02-18 23:43:38.383 +01:00 [INF] Executed endpoint 'Microsoft.AspNetCore.Routing.RouteEndpoint'
2026-02-18 23:43:38.384 +01:00 [INF] Executed endpoint 'Microsoft.AspNetCore.Routing.RouteEndpoint'
2026-02-18 23:43:38.385 +01:00 [INF] Request finished HTTP/1.1 GET http://localhost:5014/lib/bootstrap/dist/css/bootstrap.min.css - 304 null text/css 15.1289ms
2026-02-18 23:43:38.385 +01:00 [INF] Request finished HTTP/1.1 GET http://localhost:5014/css/site.css?v=zeR5PHeeHbxfGkL8WV86OzdoF6UnjuCmnagaocD-cbo - 304 null text/css 15.7444ms
2026-02-18 23:43:38.386 +01:00 [INF] Request finished HTTP/1.1 GET http://localhost:5014/lib/jquery/dist/jquery.min.js - 304 null text/javascript 16.4131ms
2026-02-18 23:43:38.387 +01:00 [INF] Request finished HTTP/1.1 GET http://localhost:5014/lib/bootstrap/dist/js/bootstrap.bundle.min.js - 304 null text/javascript 17.046ms
2026-02-18 23:43:38.387 +01:00 [INF] Request finished HTTP/1.1 GET http://localhost:5014/js/site.js?v=y_Ngd8W21UpuCUhEqGbUKDEqFnNfTjAfb24GhJJGUyM - 304 null text/javascript 17.6448ms
